2020-04-11 09:07:11,466 0      [           main] DEBUG ache.ibatis.logging.LogFactory  - Logging initialized using 'class org.apache.ibatis.logging.log4j.Log4jImpl' adapter.
2020-04-11 09:07:11,625 159    [           main] DEBUG source.pooled.PooledDataSource  - PooledDataSource forcefully closed/removed all connections.
2020-04-11 09:07:11,626 160    [           main] DEBUG source.pooled.PooledDataSource  - PooledDataSource forcefully closed/removed all connections.
2020-04-11 09:07:11,626 160    [           main] DEBUG source.pooled.PooledDataSource  - PooledDataSource forcefully closed/removed all connections.
2020-04-11 09:07:11,626 160    [           main] DEBUG source.pooled.PooledDataSource  - PooledDataSource forcefully closed/removed all connections.
2020-04-11 09:07:11,731 265    [           main] DEBUG ansaction.jdbc.JdbcTransaction  - Opening JDBC Connection
2020-04-11 09:07:11,964 498    [           main] DEBUG source.pooled.PooledDataSource  - Created connection 854487022.
2020-04-11 09:07:11,965 499    [           main] DEBUG ansaction.jdbc.JdbcTransaction  - Setting autocommit to false on JDBC Connection [com.mysql.jdbc.JDBC4Connection@32ee6fee]
2020-04-11 09:07:11,968 502    [           main] DEBUG  cn.sher6j.dao.UserDao.findAll  - ==>  Preparing: select * from user 
2020-04-11 09:07:12,008 542    [           main] DEBUG  cn.sher6j.dao.UserDao.findAll  - ==> Parameters: 
2020-04-11 09:07:54,130 0      [           main] DEBUG ache.ibatis.logging.LogFactory  - Logging initialized using 'class org.apache.ibatis.logging.log4j.Log4jImpl' adapter.
2020-04-11 09:07:54,227 97     [           main] DEBUG source.pooled.PooledDataSource  - PooledDataSource forcefully closed/removed all connections.
2020-04-11 09:07:54,227 97     [           main] DEBUG source.pooled.PooledDataSource  - PooledDataSource forcefully closed/removed all connections.
2020-04-11 09:07:54,227 97     [           main] DEBUG source.pooled.PooledDataSource  - PooledDataSource forcefully closed/removed all connections.
2020-04-11 09:07:54,227 97     [           main] DEBUG source.pooled.PooledDataSource  - PooledDataSource forcefully closed/removed all connections.
2020-04-11 09:07:54,296 166    [           main] DEBUG ansaction.jdbc.JdbcTransaction  - Opening JDBC Connection
2020-04-11 09:07:54,492 362    [           main] DEBUG source.pooled.PooledDataSource  - Created connection 259219561.
2020-04-11 09:07:54,493 363    [           main] DEBUG ansaction.jdbc.JdbcTransaction  - Setting autocommit to false on JDBC Connection [com.mysql.jdbc.JDBC4Connection@f736069]
2020-04-11 09:07:54,494 364    [           main] DEBUG  cn.sher6j.dao.UserDao.findAll  - ==>  Preparing: select * from user 
2020-04-11 09:07:54,520 390    [           main] DEBUG  cn.sher6j.dao.UserDao.findAll  - ==> Parameters: 
2020-04-11 09:07:54,556 426    [           main] DEBUG  cn.sher6j.dao.UserDao.findAll  - <==      Total: 6
2020-04-11 09:07:54,558 428    [           main] DEBUG ansaction.jdbc.JdbcTransaction  - Resetting autocommit to true on JDBC Connection [com.mysql.jdbc.JDBC4Connection@f736069]
2020-04-11 09:07:54,558 428    [           main] DEBUG ansaction.jdbc.JdbcTransaction  - Closing JDBC Connection [com.mysql.jdbc.JDBC4Connection@f736069]
2020-04-11 09:07:54,558 428    [           main] DEBUG source.pooled.PooledDataSource  - Returned connection 259219561 to pool.
2020-04-12 08:08:11,330 0      [           main] DEBUG ache.ibatis.logging.LogFactory  - Logging initialized using 'class org.apache.ibatis.logging.log4j.Log4jImpl' adapter.
2020-04-12 08:08:11,486 156    [           main] DEBUG source.pooled.PooledDataSource  - PooledDataSource forcefully closed/removed all connections.
2020-04-12 08:08:11,486 156    [           main] DEBUG source.pooled.PooledDataSource  - PooledDataSource forcefully closed/removed all connections.
2020-04-12 08:08:11,486 156    [           main] DEBUG source.pooled.PooledDataSource  - PooledDataSource forcefully closed/removed all connections.
2020-04-12 08:08:11,486 156    [           main] DEBUG source.pooled.PooledDataSource  - PooledDataSource forcefully closed/removed all connections.
2020-04-12 08:08:11,564 234    [           main] DEBUG ansaction.jdbc.JdbcTransaction  - Opening JDBC Connection
2020-04-12 08:09:13,484 0      [           main] DEBUG ache.ibatis.logging.LogFactory  - Logging initialized using 'class org.apache.ibatis.logging.log4j.Log4jImpl' adapter.
2020-04-12 08:09:13,595 111    [           main] DEBUG source.pooled.PooledDataSource  - PooledDataSource forcefully closed/removed all connections.
2020-04-12 08:09:13,595 111    [           main] DEBUG source.pooled.PooledDataSource  - PooledDataSource forcefully closed/removed all connections.
2020-04-12 08:09:13,595 111    [           main] DEBUG source.pooled.PooledDataSource  - PooledDataSource forcefully closed/removed all connections.
2020-04-12 08:09:13,595 111    [           main] DEBUG source.pooled.PooledDataSource  - PooledDataSource forcefully closed/removed all connections.
2020-04-12 08:09:13,668 184    [           main] DEBUG ansaction.jdbc.JdbcTransaction  - Opening JDBC Connection
2020-04-12 08:09:13,902 418    [           main] DEBUG source.pooled.PooledDataSource  - Created connection 259219561.
2020-04-12 08:09:13,902 418    [           main] DEBUG ansaction.jdbc.JdbcTransaction  - Setting autocommit to false on JDBC Connection [com.mysql.jdbc.JDBC4Connection@f736069]
2020-04-12 08:09:13,902 418    [           main] DEBUG  cn.sher6j.dao.UserDao.findAll  - ==>  Preparing: select * from user 
2020-04-12 08:09:13,949 465    [           main] DEBUG  cn.sher6j.dao.UserDao.findAll  - ==> Parameters: 
2020-04-12 08:09:13,965 481    [           main] DEBUG  cn.sher6j.dao.UserDao.findAll  - <==      Total: 7
2020-04-12 08:09:13,965 481    [           main] DEBUG ansaction.jdbc.JdbcTransaction  - Resetting autocommit to true on JDBC Connection [com.mysql.jdbc.JDBC4Connection@f736069]
2020-04-12 08:09:13,965 481    [           main] DEBUG ansaction.jdbc.JdbcTransaction  - Closing JDBC Connection [com.mysql.jdbc.JDBC4Connection@f736069]
2020-04-12 08:09:13,965 481    [           main] DEBUG source.pooled.PooledDataSource  - Returned connection 259219561 to pool.
